<?xml version="1.0" encoding="UTF-8"?>
<!-- Generated by org.testng.reporters.JUnitXMLReporter -->
<testsuite ignored="0" hostname="DESKTOP-U84DCBG" failures="0"
	tests="7" name="Default test" time="0.147" errors="0"
	timestamp="2022-03-10T11:24:47 IST">
	<testcase classname="com.evs.vtiger.testcases.Basetest"
		name="@BeforeClass beforeTestCaseClass" time="-1.646891687127E9">
		<failure type="org.testng.TestNGException"
			message="
Parameter &amp;apos;Browser&amp;apos; is required by BeforeClass on method beforeTestCaseClass but has not been marked @Optional or defined
in C:\Users\Rishi\AppData\Local\Temp\testng-eclipse-62626049\testng-customsuite.xml">
      <![CDATA[org.testng.TestNGException: 
Parameter 'Browser' is required by BeforeClass on method beforeTestCaseClass but has not been marked @Optional or defined
in C:\Users\Rishi\AppData\Local\Temp\testng-eclipse-62626049\testng-customsuite.xml
at org.testng.internal.Parameters.createParams(Parameters.java:270)
at org.testng.internal.Parameters.createParametersForMethod(Parameters.java:358)
at org.testng.internal.Parameters.createParameters(Parameters.java:700)
at org.testng.internal.Parameters.createConfigurationParameters(Parameters.java:168)
at org.testng.internal.ConfigInvoker.invokeConfigurations(ConfigInvoker.java:302)
at org.testng.internal.TestMethodWorker.invokeBeforeClassMethods(TestMethodWorker.java:176)
at org.testng.internal.TestMethodWorker.run(TestMethodWorker.java:122)
at java.base/java.util.ArrayList.forEach(ArrayList.java:1511)
at org.testng.TestRunner.privateRun(TestRunner.java:794)
at org.testng.TestRunner.run(TestRunner.java:596)
at org.testng.SuiteRunner.runTest(SuiteRunner.java:377)
at org.testng.SuiteRunner.runSequentially(SuiteRunner.java:371)
at org.testng.SuiteRunner.privateRun(SuiteRunner.java:332)
at org.testng.SuiteRunner.run(SuiteRunner.java:276)
at org.testng.SuiteRunnerWorker.runSuite(SuiteRunnerWorker.java:53)
at org.testng.SuiteRunnerWorker.run(SuiteRunnerWorker.java:96)
at org.testng.TestNG.runSuitesSequentially(TestNG.java:1212)
at org.testng.TestNG.runSuitesLocally(TestNG.java:1134)
at org.testng.TestNG.runSuites(TestNG.java:1063)
at org.testng.TestNG.run(TestNG.java:1031)
at org.testng.remote.AbstractRemoteTestNG.run(AbstractRemoteTestNG.java:115)
at org.testng.remote.RemoteTestNG.initAndRun(RemoteTestNG.java:251)
at org.testng.remote.RemoteTestNG.main(RemoteTestNG.java:77)
]]>
		</failure>
	</testcase> <!-- @BeforeClass beforeTestCaseClass -->
	<testcase classname="com.evs.vtiger.testcases.Basetest"
		name="@BeforeMethod beforTestcase" time="0.002">
		<failure type="java.lang.NullPointerException"
			message="Cannot invoke &amp;quot;com.evs.vtiger.utility.WdUtil.getDriver()&amp;quot; because &amp;quot;webUtil&amp;quot; is null">
      <![CDATA[java.lang.NullPointerException: Cannot invoke "com.evs.vtiger.utility.WdUtil.getDriver()" because "webUtil" is null
at com.evs.vtiger.pages.login.LoginPage.<init>(LoginPage.java:29)
at com.evs.vtiger.testcases.Basetest.beforTestcase(Basetest.java:48)
at java.base/jdk.internal.reflect.NativeMethodAccessorImpl.invoke0(Native Method)
at java.base/jdk.internal.reflect.NativeMethodAccessorImpl.invoke(NativeMethodAccessorImpl.java:64)
at java.base/jdk.internal.reflect.DelegatingMethodAccessorImpl.invoke(DelegatingMethodAccessorImpl.java:43)
at java.base/java.lang.reflect.Method.invoke(Method.java:564)
at org.testng.internal.MethodInvocationHelper.invokeMethod(MethodInvocationHelper.java:133)
at org.testng.internal.MethodInvocationHelper.invokeMethodConsideringTimeout(MethodInvocationHelper.java:62)
at org.testng.internal.ConfigInvoker.invokeConfigurationMethod(ConfigInvoker.java:385)
at org.testng.internal.ConfigInvoker.invokeConfigurations(ConfigInvoker.java:321)
at org.testng.internal.TestInvoker.runConfigMethods(TestInvoker.java:700)
at org.testng.internal.TestInvoker.invokeMethod(TestInvoker.java:527)
at org.testng.internal.TestInvoker.invokeTestMethod(TestInvoker.java:173)
at org.testng.internal.MethodRunner.runInSequence(MethodRunner.java:46)
at org.testng.internal.TestInvoker$MethodInvocationAgent.invoke(TestInvoker.java:824)
at org.testng.internal.TestInvoker.invokeTestMethods(TestInvoker.java:146)
at org.testng.internal.TestMethodWorker.invokeTestMethods(TestMethodWorker.java:146)
at org.testng.internal.TestMethodWorker.run(TestMethodWorker.java:128)
at java.base/java.util.ArrayList.forEach(ArrayList.java:1511)
at org.testng.TestRunner.privateRun(TestRunner.java:794)
at org.testng.TestRunner.run(TestRunner.java:596)
at org.testng.SuiteRunner.runTest(SuiteRunner.java:377)
at org.testng.SuiteRunner.runSequentially(SuiteRunner.java:371)
at org.testng.SuiteRunner.privateRun(SuiteRunner.java:332)
at org.testng.SuiteRunner.run(SuiteRunner.java:276)
at org.testng.SuiteRunnerWorker.runSuite(SuiteRunnerWorker.java:53)
at org.testng.SuiteRunnerWorker.run(SuiteRunnerWorker.java:96)
at org.testng.TestNG.runSuitesSequentially(TestNG.java:1212)
at org.testng.TestNG.runSuitesLocally(TestNG.java:1134)
at org.testng.TestNG.runSuites(TestNG.java:1063)
at org.testng.TestNG.run(TestNG.java:1031)
at org.testng.remote.AbstractRemoteTestNG.run(AbstractRemoteTestNG.java:115)
at org.testng.remote.RemoteTestNG.initAndRun(RemoteTestNG.java:251)
at org.testng.remote.RemoteTestNG.main(RemoteTestNG.java:77)
]]>
		</failure>
	</testcase> <!-- @BeforeMethod beforTestcase -->
	<testcase classname="com.evs.vtiger.testcases.Basetest"
		name="@AfterMethod afterTestCase" time="-1.646891687151E9">
		<skipped />
	</testcase> <!-- @AfterMethod afterTestCase -->
	<testcase classname="com.evs.vtiger.testcases.Basetest"
		name="@BeforeMethod beforTestcase" time="0.001">
		<failure type="java.lang.NullPointerException"
			message="Cannot invoke &amp;quot;com.evs.vtiger.utility.WdUtil.getDriver()&amp;quot; because &amp;quot;webUtil&amp;quot; is null">
      <![CDATA[java.lang.NullPointerException: Cannot invoke "com.evs.vtiger.utility.WdUtil.getDriver()" because "webUtil" is null
at com.evs.vtiger.pages.login.LoginPage.<init>(LoginPage.java:29)
at com.evs.vtiger.testcases.Basetest.beforTestcase(Basetest.java:48)
at java.base/jdk.internal.reflect.NativeMethodAccessorImpl.invoke0(Native Method)
at java.base/jdk.internal.reflect.NativeMethodAccessorImpl.invoke(NativeMethodAccessorImpl.java:64)
at java.base/jdk.internal.reflect.DelegatingMethodAccessorImpl.invoke(DelegatingMethodAccessorImpl.java:43)
at java.base/java.lang.reflect.Method.invoke(Method.java:564)
at org.testng.internal.MethodInvocationHelper.invokeMethod(MethodInvocationHelper.java:133)
at org.testng.internal.MethodInvocationHelper.invokeMethodConsideringTimeout(MethodInvocationHelper.java:62)
at org.testng.internal.ConfigInvoker.invokeConfigurationMethod(ConfigInvoker.java:385)
at org.testng.internal.ConfigInvoker.invokeConfigurations(ConfigInvoker.java:321)
at org.testng.internal.TestInvoker.runConfigMethods(TestInvoker.java:700)
at org.testng.internal.TestInvoker.invokeMethod(TestInvoker.java:527)
at org.testng.internal.TestInvoker.invokeTestMethod(TestInvoker.java:173)
at org.testng.internal.MethodRunner.runInSequence(MethodRunner.java:46)
at org.testng.internal.TestInvoker$MethodInvocationAgent.invoke(TestInvoker.java:824)
at org.testng.internal.TestInvoker.invokeTestMethods(TestInvoker.java:146)
at org.testng.internal.TestMethodWorker.invokeTestMethods(TestMethodWorker.java:146)
at org.testng.internal.TestMethodWorker.run(TestMethodWorker.java:128)
at java.base/java.util.ArrayList.forEach(ArrayList.java:1511)
at org.testng.TestRunner.privateRun(TestRunner.java:794)
at org.testng.TestRunner.run(TestRunner.java:596)
at org.testng.SuiteRunner.runTest(SuiteRunner.java:377)
at org.testng.SuiteRunner.runSequentially(SuiteRunner.java:371)
at org.testng.SuiteRunner.privateRun(SuiteRunner.java:332)
at org.testng.SuiteRunner.run(SuiteRunner.java:276)
at org.testng.SuiteRunnerWorker.runSuite(SuiteRunnerWorker.java:53)
at org.testng.SuiteRunnerWorker.run(SuiteRunnerWorker.java:96)
at org.testng.TestNG.runSuitesSequentially(TestNG.java:1212)
at org.testng.TestNG.runSuitesLocally(TestNG.java:1134)
at org.testng.TestNG.runSuites(TestNG.java:1063)
at org.testng.TestNG.run(TestNG.java:1031)
at org.testng.remote.AbstractRemoteTestNG.run(AbstractRemoteTestNG.java:115)
at org.testng.remote.RemoteTestNG.initAndRun(RemoteTestNG.java:251)
at org.testng.remote.RemoteTestNG.main(RemoteTestNG.java:77)
]]>
		</failure>
	</testcase> <!-- @BeforeMethod beforTestcase -->
	<testcase classname="com.evs.vtiger.testcases.Basetest"
		name="@AfterMethod afterTestCase" time="-1.646891687178E9">
		<skipped />
	</testcase> <!-- @AfterMethod afterTestCase -->
	<testcase classname="com.evs.vtiger.testcases.Basetest"
		name="@BeforeMethod beforTestcase" time="0.0">
		<failure type="java.lang.NullPointerException"
			message="Cannot invoke &amp;quot;com.evs.vtiger.utility.WdUtil.getDriver()&amp;quot; because &amp;quot;webUtil&amp;quot; is null">
      <![CDATA[java.lang.NullPointerException: Cannot invoke "com.evs.vtiger.utility.WdUtil.getDriver()" because "webUtil" is null
at com.evs.vtiger.pages.login.LoginPage.<init>(LoginPage.java:29)
at com.evs.vtiger.testcases.Basetest.beforTestcase(Basetest.java:48)
at java.base/jdk.internal.reflect.NativeMethodAccessorImpl.invoke0(Native Method)
at java.base/jdk.internal.reflect.NativeMethodAccessorImpl.invoke(NativeMethodAccessorImpl.java:64)
at java.base/jdk.internal.reflect.DelegatingMethodAccessorImpl.invoke(DelegatingMethodAccessorImpl.java:43)
at java.base/java.lang.reflect.Method.invoke(Method.java:564)
at org.testng.internal.MethodInvocationHelper.invokeMethod(MethodInvocationHelper.java:133)
at org.testng.internal.MethodInvocationHelper.invokeMethodConsideringTimeout(MethodInvocationHelper.java:62)
at org.testng.internal.ConfigInvoker.invokeConfigurationMethod(ConfigInvoker.java:385)
at org.testng.internal.ConfigInvoker.invokeConfigurations(ConfigInvoker.java:321)
at org.testng.internal.TestInvoker.runConfigMethods(TestInvoker.java:700)
at org.testng.internal.TestInvoker.invokeMethod(TestInvoker.java:527)
at org.testng.internal.TestInvoker.invokeTestMethod(TestInvoker.java:173)
at org.testng.internal.MethodRunner.runInSequence(MethodRunner.java:46)
at org.testng.internal.TestInvoker$MethodInvocationAgent.invoke(TestInvoker.java:824)
at org.testng.internal.TestInvoker.invokeTestMethods(TestInvoker.java:146)
at org.testng.internal.TestMethodWorker.invokeTestMethods(TestMethodWorker.java:146)
at org.testng.internal.TestMethodWorker.run(TestMethodWorker.java:128)
at java.base/java.util.ArrayList.forEach(ArrayList.java:1511)
at org.testng.TestRunner.privateRun(TestRunner.java:794)
at org.testng.TestRunner.run(TestRunner.java:596)
at org.testng.SuiteRunner.runTest(SuiteRunner.java:377)
at org.testng.SuiteRunner.runSequentially(SuiteRunner.java:371)
at org.testng.SuiteRunner.privateRun(SuiteRunner.java:332)
at org.testng.SuiteRunner.run(SuiteRunner.java:276)
at org.testng.SuiteRunnerWorker.runSuite(SuiteRunnerWorker.java:53)
at org.testng.SuiteRunnerWorker.run(SuiteRunnerWorker.java:96)
at org.testng.TestNG.runSuitesSequentially(TestNG.java:1212)
at org.testng.TestNG.runSuitesLocally(TestNG.java:1134)
at org.testng.TestNG.runSuites(TestNG.java:1063)
at org.testng.TestNG.run(TestNG.java:1031)
at org.testng.remote.AbstractRemoteTestNG.run(AbstractRemoteTestNG.java:115)
at org.testng.remote.RemoteTestNG.initAndRun(RemoteTestNG.java:251)
at org.testng.remote.RemoteTestNG.main(RemoteTestNG.java:77)
]]>
		</failure>
	</testcase> <!-- @BeforeMethod beforTestcase -->
	<testcase classname="com.evs.vtiger.testcases.Basetest"
		name="@AfterMethod afterTestCase" time="-1.646891687197E9">
		<skipped />
	</testcase> <!-- @AfterMethod afterTestCase -->
	<testcase classname="com.evs.vtiger.testcases.Basetest"
		name="@AfterClass afterTestCaseClass" time="-1.646891687202E9">
		<skipped />
	</testcase> <!-- @AfterClass afterTestCaseClass -->
	<testcase classname="com.evs.vtiger.dataprovider.DataTest"
		name="test1" time="0.008" />
	<testcase classname="com.evs.vtiger.dataprovider.DataTest"
		name="test1" time="0.002" />
	<testcase classname="com.evs.vtiger.dataprovider.DataTest"
		name="test1" time="0.001" />
	<testcase classname="com.evs.vtiger.dataprovider.DataTest"
		name="test1" time="0.002" />
	<testcase
		classname="com.evs.vtiger.testcases.ValidateLeadsFunctionality"
		name="vt001validateLogin" time="0.0">
		<skipped />
	</testcase> <!-- vt001validateLogin -->
	<testcase
		classname="com.evs.vtiger.testcases.ValidateLeadsFunctionality"
		name="vt002validateCreateLeads" time="0.0">
		<skipped />
	</testcase> <!-- vt002validateCreateLeads -->
	<testcase
		classname="com.evs.vtiger.testcases.ValidateLeadsFunctionality"
		name="vt003validateDeleteLead" time="0.0">
		<skipped />
	</testcase> <!-- vt003validateDeleteLead -->
</testsuite> <!-- Default test -->
