<?xml version="1.0" encoding="UTF-8"?>
<!-- Generated by org.testng.reporters.JUnitReportReporter -->
<testsuite skipped="2" hostname="DESKTOP-U84DCBG"
	name="com.evs.vtiger.testcases.ValidateLeadsFunctionality" tests="8"
	failures="0" timestamp="2023-10-13T16:26:37 IST" time="250.979"
	errors="2">
	<testcase name="vt001validateLogin" time="8.879"
		classname="com.evs.vtiger.testcases.ValidateLeadsFunctionality" />
	<system-out />
	<testcase name="vt001validateLogin" time="6.501"
		classname="com.evs.vtiger.testcases.ValidateLeadsFunctionality" />
	<system-out />
	<testcase name="beforTestcase" time="30.047"
		classname="com.evs.vtiger.testcases.ValidateLeadsFunctionality">
		<error type="java.lang.NullPointerException">
      <![CDATA[java.lang.NullPointerException
at com.evs.vtiger.exceldata.ExcelDataUtil.getTestCaseData(ExcelDataUtil.java:96)
at com.evs.vtiger.testcases.Basetest.beforTestcase(Basetest.java:50)
at sun.reflect.NativeMethodAccessorImpl.invoke0(Native Method)
at sun.reflect.NativeMethodAccessorImpl.invoke(Unknown Source)
at sun.reflect.DelegatingMethodAccessorImpl.invoke(Unknown Source)
at java.lang.reflect.Method.invoke(Unknown Source)
at org.testng.internal.MethodInvocationHelper.invokeMethod(MethodInvocationHelper.java:133)
at org.testng.internal.MethodInvocationHelper.invokeMethodConsideringTimeout(MethodInvocationHelper.java:62)
at org.testng.internal.ConfigInvoker.invokeConfigurationMethod(ConfigInvoker.java:385)
at org.testng.internal.ConfigInvoker.invokeConfigurations(ConfigInvoker.java:321)
at org.testng.internal.TestInvoker.runConfigMethods(TestInvoker.java:700)
at org.testng.internal.TestInvoker.invokeMethod(TestInvoker.java:527)
at org.testng.internal.TestInvoker.invokeTestMethod(TestInvoker.java:173)
at org.testng.internal.MethodRunner.runInSequence(MethodRunner.java:46)
at org.testng.internal.TestInvoker$MethodInvocationAgent.invoke(TestInvoker.java:824)
at org.testng.internal.TestInvoker.invokeTestMethods(TestInvoker.java:146)
at org.testng.internal.TestMethodWorker.invokeTestMethods(TestMethodWorker.java:146)
at org.testng.internal.TestMethodWorker.run(TestMethodWorker.java:128)
at java.util.ArrayList.forEach(Unknown Source)
at org.testng.TestRunner.privateRun(TestRunner.java:794)
at org.testng.TestRunner.run(TestRunner.java:596)
at org.testng.SuiteRunner.runTest(SuiteRunner.java:377)
at org.testng.SuiteRunner.access$000(SuiteRunner.java:28)
at org.testng.SuiteRunner$SuiteWorker.run(SuiteRunner.java:418)
at org.testng.internal.thread.ThreadUtil.lambda$execute$0(ThreadUtil.java:64)
at java.util.concurrent.FutureTask.run(Unknown Source)
at java.util.concurrent.ThreadPoolExecutor.runWorker(Unknown Source)
at java.util.concurrent.ThreadPoolExecutor$Worker.run(Unknown Source)
at java.lang.Thread.run(Unknown Source)
]]>
		</error>
	</testcase> <!-- beforTestcase -->
	<system-out />
	<testcase name="beforTestcase" time="13.704"
		classname="com.evs.vtiger.testcases.ValidateLeadsFunctionality">
		<error type="java.lang.NullPointerException">
      <![CDATA[java.lang.NullPointerException
at com.evs.vtiger.exceldata.ExcelDataUtil.getTestCaseData(ExcelDataUtil.java:96)
at com.evs.vtiger.testcases.Basetest.beforTestcase(Basetest.java:50)
at sun.reflect.NativeMethodAccessorImpl.invoke0(Native Method)
at sun.reflect.NativeMethodAccessorImpl.invoke(Unknown Source)
at sun.reflect.DelegatingMethodAccessorImpl.invoke(Unknown Source)
at java.lang.reflect.Method.invoke(Unknown Source)
at org.testng.internal.MethodInvocationHelper.invokeMethod(MethodInvocationHelper.java:133)
at org.testng.internal.MethodInvocationHelper.invokeMethodConsideringTimeout(MethodInvocationHelper.java:62)
at org.testng.internal.ConfigInvoker.invokeConfigurationMethod(ConfigInvoker.java:385)
at org.testng.internal.ConfigInvoker.invokeConfigurations(ConfigInvoker.java:321)
at org.testng.internal.TestInvoker.runConfigMethods(TestInvoker.java:700)
at org.testng.internal.TestInvoker.invokeMethod(TestInvoker.java:527)
at org.testng.internal.TestInvoker.invokeTestMethod(TestInvoker.java:173)
at org.testng.internal.MethodRunner.runInSequence(MethodRunner.java:46)
at org.testng.internal.TestInvoker$MethodInvocationAgent.invoke(TestInvoker.java:824)
at org.testng.internal.TestInvoker.invokeTestMethods(TestInvoker.java:146)
at org.testng.internal.TestMethodWorker.invokeTestMethods(TestMethodWorker.java:146)
at org.testng.internal.TestMethodWorker.run(TestMethodWorker.java:128)
at java.util.ArrayList.forEach(Unknown Source)
at org.testng.TestRunner.privateRun(TestRunner.java:794)
at org.testng.TestRunner.run(TestRunner.java:596)
at org.testng.SuiteRunner.runTest(SuiteRunner.java:377)
at org.testng.SuiteRunner.access$000(SuiteRunner.java:28)
at org.testng.SuiteRunner$SuiteWorker.run(SuiteRunner.java:418)
at org.testng.internal.thread.ThreadUtil.lambda$execute$0(ThreadUtil.java:64)
at java.util.concurrent.FutureTask.run(Unknown Source)
at java.util.concurrent.ThreadPoolExecutor.runWorker(Unknown Source)
at java.util.concurrent.ThreadPoolExecutor$Worker.run(Unknown Source)
at java.lang.Thread.run(Unknown Source)
]]>
		</error>
	</testcase> <!-- beforTestcase -->
	<system-out />
	<testcase name="vt002validateCreateLeads" time="86.082"
		classname="com.evs.vtiger.testcases.ValidateLeadsFunctionality" />
	<system-out>
    <![CDATA[Validation Passed. Where actual -Yadav & Expected -Yadav
Validation Passed. Where actual -Yadav & Expected -Yadav
Validation Passed. Where actual -Yadav & Expected -Yadav
Validation Passed. Where actual -Yadav & Expected -Yadav
Validation Passed. Where actual -Yadav & Expected -Yadav
Validation Passed. Where actual -Yadav & Expected -Yadav]]>
	</system-out>
	<testcase name="vt002validateCreateLeads" time="105.766"
		classname="com.evs.vtiger.testcases.ValidateLeadsFunctionality" />
	<system-out>
    <![CDATA[Validation Passed. Where actual -Yadav & Expected -Yadav
Validation Passed. Where actual -Yadav & Expected -Yadav
Validation Passed. Where actual -Yadav & Expected -Yadav
Validation Passed. Where actual -Yadav & Expected -Yadav
Validation Passed. Where actual -Yadav & Expected -Yadav
Validation Passed. Where actual -Yadav & Expected -Yadav]]>
	</system-out>
	<testcase name="vt003validateDeleteLead" time="0.000"
		classname="com.evs.vtiger.testcases.ValidateLeadsFunctionality">
		<skipped />
	</testcase> <!-- vt003validateDeleteLead -->
	<system-out />
	<testcase name="vt003validateDeleteLead" time="0.000"
		classname="com.evs.vtiger.testcases.ValidateLeadsFunctionality">
		<skipped />
	</testcase> <!-- vt003validateDeleteLead -->
	<system-out />
</testsuite> <!-- com.evs.vtiger.testcases.ValidateLeadsFunctionality -->
